2023-Jan-03 21:36:46 pm [main] INFO  assesmentProject_1.Core.WebDriverFactory - Chrome browser is invoked
2023-Jan-03 21:36:46 pm [main] INFO  assesmentProject_1.Core.WebDriverFactory - browser window maximized and set timeout is 20 second
2023-Jan-03 21:36:55 pm [main] INFO  assesmentProject_1.Core.WebDriverFactory - navigate to url
2023-Jan-03 21:36:55 pm [main] INFO  assesmentProject_1.PageObjects.loginPageObjects - Click on the myAccount Button
2023-Jan-03 21:37:08 pm [main] INFO  assesmentProject_1.Core.WebDriverFactory - Browser is closed
2023-Jan-03 21:37:11 pm [main] INFO  assesmentProject_1.Core.WebDriverFactory - Chrome browser is invoked
2023-Jan-03 21:37:11 pm [main] INFO  assesmentProject_1.Core.WebDriverFactory - browser window maximized and set timeout is 20 second
2023-Jan-03 21:37:18 pm [main] INFO  assesmentProject_1.Core.WebDriverFactory - navigate to url
2023-Jan-03 21:37:19 pm [main] INFO  assesmentProject_1.PageObjects.loginPageObjects - Click on the myAccount Button
2023-Jan-03 21:37:25 pm [main] INFO  assesmentProject_1.Core.WebDriverFactory - Browser is closed
2023-Jan-03 21:37:26 pm [main] INFO  assesmentProject_1.Core.WebDriverFactory - Chrome browser is invoked
2023-Jan-03 21:37:26 pm [main] INFO  assesmentProject_1.Core.WebDriverFactory - browser window maximized and set timeout is 20 second
2023-Jan-03 21:37:32 pm [main] INFO  assesmentProject_1.Core.WebDriverFactory - navigate to url
2023-Jan-03 21:37:33 pm [main] INFO  assesmentProject_1.PageObjects.loginPageObjects - Click on the myAccount Button
2023-Jan-03 21:37:40 pm [main] INFO  assesmentProject_1.Core.WebDriverFactory - Browser is closed
2023-Jan-03 21:37:41 pm [main] INFO  assesmentProject_1.Core.WebDriverFactory - Chrome browser is invoked
2023-Jan-03 21:37:41 pm [main] INFO  assesmentProject_1.Core.WebDriverFactory - browser window maximized and set timeout is 20 second
2023-Jan-03 21:37:47 pm [main] INFO  assesmentProject_1.Core.WebDriverFactory - navigate to url
2023-Jan-03 21:37:48 pm [main] INFO  assesmentProject_1.PageObjects.loginPageObjects - Click on the myAccount Button
2023-Jan-03 21:37:54 pm [main] INFO  assesmentProject_1.Core.WebDriverFactory - Browser is closed
